Database Naming Convention Migration Log
Started: Mon Jun  9 18:39:00 PDT 2025
=======================================
[2025-06-09 18:39:00] INFO: Creating database backup...
[2025-06-09 18:39:35] SUCCESS: Database backup created: /Users/matthewdumas/lnked-1/migration-backups/database_backup_pre_migration.sql (260K)
[2025-06-09 18:39:35] INFO: Verifying current database state...
[2025-06-09 18:39:35] WARNING: No V2 tables found - migration may not be necessary
[2025-06-09 18:39:42] INFO: Validating application state...
[2025-06-09 18:39:48] SUCCESS: TypeScript compilation successful
[2025-06-09 18:39:48] INFO: Found        4 files with v2 references to update
[2025-06-09 18:39:50] SUCCESS: Preparation phase completed successfully
[2025-06-09 18:39:50] INFO: Duration: 50s
================================================
PHASE: PHASE 2: DATABASE MIGRATION EXECUTION
================================================
[2025-06-09 18:39:50] INFO: Preparing to execute database migration...
[2025-06-09 18:39:50] INFO: Strategy: Atomic single-transaction migration
[2025-06-09 18:39:57] INFO: Executing database migration script...
[2025-06-09 18:39:57] INFO: File: /Users/matthewdumas/lnked-1/database_naming_cleanup_migration.sql
[2025-06-09 18:39:57] ERROR: Database migration failed
[2025-06-09 18:39:57] ERROR: Check output file: /Users/matthewdumas/lnked-1/migration-logs/database-migration-output.log
[2025-06-09 18:40:00] INFO: Attempting automatic rollback...
